<?xml version="1.0" encoding="UTF-8"?>
<testng-results skipped="0" failed="0" ignored="0" total="1" passed="1">
  <reporter-output>
  </reporter-output>
  <suite name="Default suite" duration-ms="26605" started-at="2020-07-28T01:29:26Z" finished-at="2020-07-28T01:29:52Z">
    <groups>
      <group name="cucumber">
        <method signature="AbstractTestNGCucumberTests.feature(cucumber.api.testng.CucumberFeatureWrapper)[pri:0, instance:com.testngrunner.AmazonTestNGRunner@2d9d4f9d]" name="feature" class="cucumber.api.testng.AbstractTestNGCucumberTests"/>
      </group> <!-- cucumber -->
    </groups>
    <test name="Default test" duration-ms="26605" started-at="2020-07-28T01:29:26Z" finished-at="2020-07-28T01:29:52Z">
      <class name="com.testngrunner.AmazonTestNGRunner">
        <test-method status="PASS" signature="setUpClass()[pri:0, instance:com.testngrunner.AmazonTestNGRunner@2d9d4f9d]" name="setUpClass" is-config="true" duration-ms="437" started-at="2020-07-28T01:29:26Z" finished-at="2020-07-28T01:29:26Z">
          <reporter-output>
          </reporter-output>
        </test-method> <!-- setUpClass -->
        <test-method status="PASS" signature="feature(cucumber.api.testng.CucumberFeatureWrapper)[pri:0, instance:com.testngrunner.AmazonTestNGRunner@2d9d4f9d]" name="feature" duration-ms="25892" started-at="2020-07-28T01:29:27Z" description="Runs Cucumber Feature" data-provider="features" finished-at="2020-07-28T01:29:52Z">
          <params>
            <param index="0">
              <value>
                <![CDATA[Amazon login feature Test]]>
              </value>
            </param>
          </params>
          <reporter-output>
          </reporter-output>
        </test-method> <!-- feature -->
        <test-method status="PASS" signature="tearDownClass()[pri:0, instance:com.testngrunner.AmazonTestNGRunner@2d9d4f9d]" name="tearDownClass" is-config="true" duration-ms="16" started-at="2020-07-28T01:29:52Z" finished-at="2020-07-28T01:29:52Z">
          <reporter-output>
          </reporter-output>
        </test-method> <!-- tearDownClass -->
      </class> <!-- com.testngrunner.AmazonTestNGRunner -->
    </test> <!-- Default test -->
  </suite> <!-- Default suite -->
</testng-results>
